<?xml version="1.0" encoding="UTF-8"?>
<testng-results ignored="0" total="2" passed="2" failed="0" skipped="0">
  <reporter-output>
  </reporter-output>
  <suite started-at="2023-01-19T08:48:41 IST" name="Android" finished-at="2023-01-19T08:55:41 IST" duration-ms="419854">
    <groups>
    </groups>
    <test started-at="2023-01-19T08:48:41 IST" name="RingPay" finished-at="2023-01-19T08:55:41 IST" duration-ms="419854">
      <class name="com.RingPay.TestScripts.RingPayTestScripts">
        <test-method is-config="true" signature="Before()[pri:0, instance:com.RingPay.TestScripts.RingPayTestScripts@64df9a61]" started-at="2023-01-19T08:48:51 IST" name="Before" finished-at="2023-01-19T08:49:04 IST" duration-ms="13222" status="PASS">
          <reporter-output>
          </reporter-output>
        </test-method> <!-- Before -->
        <test-method signature="User_Playstore_Flow(java.lang.String, java.lang.String)[pri:0, instance:com.RingPay.TestScripts.RingPayTestScripts@64df9a61]" started-at="2023-01-19T08:49:04 IST" name="User_Playstore_Flow" finished-at="2023-01-19T08:54:07 IST" duration-ms="303142" status="PASS">
          <params>
            <param index="0">
              <value>
                <![CDATA[MobileNo]]>
              </value>
            </param>
            <param index="1">
              <value>
                <![CDATA[MobileNo]]>
              </value>
            </param>
          </params>
          <reporter-output>
          </reporter-output>
        </test-method> <!-- User_Playstore_Flow -->
        <test-method signature="userRegistrationFlow(java.lang.String, java.lang.String, java.lang.String, java.lang.String)[pri:0, instance:com.RingPay.TestScripts.RingPayTestScripts@64df9a61]" started-at="2023-01-19T08:54:08 IST" name="userRegistrationFlow" finished-at="2023-01-19T08:55:41 IST" depends-on-methods="com.RingPay.TestScripts.RingPayTestScripts.User_Playstore_Flow" duration-ms="92994" status="PASS">
          <params>
            <param index="0">
              <value>
                <![CDATA[Feb]]>
              </value>
            </param>
            <param index="1">
              <value>
                <![CDATA[10]]>
              </value>
            </param>
            <param index="2">
              <value>
                <![CDATA[1966]]>
              </value>
            </param>
            <param index="3">
              <value>
                <![CDATA[male]]>
              </value>
            </param>
          </params>
          <reporter-output>
          </reporter-output>
        </test-method> <!-- userRegistrationFlow -->
      </class> <!-- com.RingPay.TestScripts.RingPayTestScripts -->
    </test> <!-- RingPay -->
  </suite> <!-- Android -->
</testng-results>
